2020-06-23 00:48:25,322 - [http_handler.py--line:21 - INFO]:正在使用post请求,访问 http://api.lemonban.com/futureloan/member/login
2020-06-23 00:48:25,451 - [http_handler.py--line:30 - INFO]:响应结果为: <Response [200]>,耗时: 0.110593
2020-06-23 00:48:25,505 - [http_handler.py--line:21 - INFO]:正在使用post请求,访问 http://api.lemonban.com/futureloan/member/login
2020-06-23 00:48:25,589 - [http_handler.py--line:30 - INFO]:响应结果为: <Response [200]>,耗时: 0.078077
2020-06-23 00:48:25,590 - [http_handler.py--line:21 - INFO]:正在使用post请求,访问 http://api.lemonban.com/futureloan/member/login
2020-06-23 00:48:25,668 - [http_handler.py--line:30 - INFO]:响应结果为: <Response [200]>,耗时: 0.073561
2020-06-23 00:48:25,669 - [http_handler.py--line:21 - INFO]:正在使用post请求,访问 http://api.lemonban.com/futureloan/member/login
2020-06-23 00:48:25,755 - [http_handler.py--line:30 - INFO]:响应结果为: <Response [200]>,耗时: 0.082576
2020-06-23 00:48:25,757 - [http_handler.py--line:21 - INFO]:正在使用post请求,访问 http://api.lemonban.com/futureloan/loan/add
2020-06-23 00:48:25,873 - [http_handler.py--line:30 - INFO]:响应结果为: <Response [200]>,耗时: 0.111158
2020-06-23 00:48:25,874 - [http_handler.py--line:21 - INFO]:正在使用post请求,访问 http://api.lemonban.com/futureloan/member/login
2020-06-23 00:48:26,020 - [http_handler.py--line:30 - INFO]:响应结果为: <Response [200]>,耗时: 0.141316
2020-06-23 00:48:26,022 - [http_handler.py--line:21 - INFO]:正在使用patch请求,访问 http://api.lemonban.com/futureloan/loan/audit
2020-06-23 00:48:26,158 - [http_handler.py--line:30 - INFO]:响应结果为: <Response [200]>,耗时: 0.131483
2020-06-23 00:48:26,158 - [http_handler.py--line:21 - INFO]:正在使用post请求,访问 http://api.lemonban.com/futureloan/member/login
2020-06-23 00:48:26,305 - [http_handler.py--line:30 - INFO]:响应结果为: <Response [200]>,耗时: 0.140237
2020-06-23 00:48:26,307 - [test_07_invest.py--line:44 - INFO]:账户余额不足20W,调用充值接口进行充值
2020-06-23 00:48:26,307 - [http_handler.py--line:21 - INFO]:正在使用post请求,访问 http://api.lemonban.com/futureloan/member/login
2020-06-23 00:48:26,464 - [http_handler.py--line:30 - INFO]:响应结果为: <Response [200]>,耗时: 0.153122
2020-06-23 00:48:26,465 - [http_handler.py--line:21 - INFO]:正在使用post请求,访问 http://api.lemonban.com/futureloan/member/login
2020-06-23 00:48:26,628 - [http_handler.py--line:30 - INFO]:响应结果为: <Response [200]>,耗时: 0.157802
2020-06-23 00:48:26,631 - [http_handler.py--line:21 - INFO]:正在使用post请求,访问 http://api.lemonban.com/futureloan/member/recharge
2020-06-23 00:48:26,734 - [http_handler.py--line:30 - INFO]:响应结果为: <Response [200]>,耗时: 0.096901
2020-06-23 00:48:26,734 - [http_handler.py--line:21 - INFO]:正在使用post请求,访问 http://api.lemonban.com/futureloan/member/invest
2020-06-23 00:48:26,920 - [http_handler.py--line:30 - INFO]:响应结果为: <Response [200]>,耗时: 0.180775
2020-06-23 00:48:27,067 - [http_handler.py--line:21 - INFO]:正在使用post请求,访问 http://api.lemonban.com/futureloan/member/login
2020-06-23 00:48:27,204 - [http_handler.py--line:30 - INFO]:响应结果为: <Response [200]>,耗时: 0.132508
2020-06-23 00:48:27,251 - [http_handler.py--line:21 - INFO]:正在使用post请求,访问 http://api.lemonban.com/futureloan/member/login
2020-06-23 00:48:27,357 - [http_handler.py--line:30 - INFO]:响应结果为: <Response [200]>,耗时: 0.099902
2020-06-23 00:48:27,358 - [http_handler.py--line:21 - INFO]:正在使用post请求,访问 http://api.lemonban.com/futureloan/member/login
2020-06-23 00:48:27,474 - [http_handler.py--line:30 - INFO]:响应结果为: <Response [200]>,耗时: 0.110228
2020-06-23 00:48:27,476 - [http_handler.py--line:21 - INFO]:正在使用post请求,访问 http://api.lemonban.com/futureloan/member/login
2020-06-23 00:48:27,548 - [http_handler.py--line:30 - INFO]:响应结果为: <Response [200]>,耗时: 0.068341
2020-06-23 00:48:27,549 - [http_handler.py--line:21 - INFO]:正在使用post请求,访问 http://api.lemonban.com/futureloan/loan/add
2020-06-23 00:48:27,636 - [http_handler.py--line:30 - INFO]:响应结果为: <Response [200]>,耗时: 0.083205
2020-06-23 00:48:27,636 - [http_handler.py--line:21 - INFO]:正在使用post请求,访问 http://api.lemonban.com/futureloan/member/login
2020-06-23 00:48:27,773 - [http_handler.py--line:30 - INFO]:响应结果为: <Response [200]>,耗时: 0.135085
2020-06-23 00:48:27,774 - [http_handler.py--line:21 - INFO]:正在使用patch请求,访问 http://api.lemonban.com/futureloan/loan/audit
2020-06-23 00:48:27,863 - [http_handler.py--line:30 - INFO]:响应结果为: <Response [200]>,耗时: 0.086772
2020-06-23 00:48:27,863 - [http_handler.py--line:21 - INFO]:正在使用post请求,访问 http://api.lemonban.com/futureloan/member/login
2020-06-23 00:48:27,968 - [http_handler.py--line:30 - INFO]:响应结果为: <Response [200]>,耗时: 0.100214
2020-06-23 00:48:27,969 - [http_handler.py--line:21 - INFO]:正在使用post请求,访问 http://api.lemonban.com/futureloan/member/invest
2020-06-23 00:48:28,091 - [http_handler.py--line:30 - INFO]:响应结果为: <Response [200]>,耗时: 0.116618
2020-06-23 00:48:28,206 - [http_handler.py--line:21 - INFO]:正在使用post请求,访问 http://api.lemonban.com/futureloan/member/login
2020-06-23 00:48:28,336 - [http_handler.py--line:30 - INFO]:响应结果为: <Response [200]>,耗时: 0.126932
2020-06-23 00:48:28,376 - [http_handler.py--line:21 - INFO]:正在使用post请求,访问 http://api.lemonban.com/futureloan/member/login
2020-06-23 00:48:28,473 - [http_handler.py--line:30 - INFO]:响应结果为: <Response [200]>,耗时: 0.092497
2020-06-23 00:48:28,474 - [http_handler.py--line:21 - INFO]:正在使用post请求,访问 http://api.lemonban.com/futureloan/member/login
2020-06-23 00:48:28,573 - [http_handler.py--line:30 - INFO]:响应结果为: <Response [200]>,耗时: 0.095573
2020-06-23 00:48:28,575 - [http_handler.py--line:21 - INFO]:正在使用post请求,访问 http://api.lemonban.com/futureloan/member/login
2020-06-23 00:48:28,656 - [http_handler.py--line:30 - INFO]:响应结果为: <Response [200]>,耗时: 0.076608
2020-06-23 00:48:28,657 - [http_handler.py--line:21 - INFO]:正在使用post请求,访问 http://api.lemonban.com/futureloan/loan/add
2020-06-23 00:48:28,737 - [http_handler.py--line:30 - INFO]:响应结果为: <Response [200]>,耗时: 0.076142
2020-06-23 00:48:28,738 - [http_handler.py--line:21 - INFO]:正在使用post请求,访问 http://api.lemonban.com/futureloan/member/login
2020-06-23 00:48:28,872 - [http_handler.py--line:30 - INFO]:响应结果为: <Response [200]>,耗时: 0.129442
2020-06-23 00:48:28,875 - [http_handler.py--line:21 - INFO]:正在使用patch请求,访问 http://api.lemonban.com/futureloan/loan/audit
2020-06-23 00:48:29,030 - [http_handler.py--line:30 - INFO]:响应结果为: <Response [200]>,耗时: 0.150985
2020-06-23 00:48:29,031 - [http_handler.py--line:21 - INFO]:正在使用post请求,访问 http://api.lemonban.com/futureloan/member/login
2020-06-23 00:48:29,149 - [http_handler.py--line:30 - INFO]:响应结果为: <Response [200]>,耗时: 0.113599
2020-06-23 00:48:29,151 - [test_07_invest.py--line:50 - INFO]:账户余额大于20W,调用提现接口进行提现
2020-06-23 00:48:29,151 - [http_handler.py--line:21 - INFO]:正在使用post请求,访问 http://api.lemonban.com/futureloan/member/login
2020-06-23 00:48:29,233 - [http_handler.py--line:30 - INFO]:响应结果为: <Response [200]>,耗时: 0.07743
2020-06-23 00:48:29,235 - [http_handler.py--line:21 - INFO]:正在使用post请求,访问 http://api.lemonban.com/futureloan/member/login
2020-06-23 00:48:29,325 - [http_handler.py--line:30 - INFO]:响应结果为: <Response [200]>,耗时: 0.085223
2020-06-23 00:48:29,327 - [http_handler.py--line:21 - INFO]:正在使用post请求,访问 http://api.lemonban.com/futureloan/member/withdraw
2020-06-23 00:48:29,415 - [http_handler.py--line:30 - INFO]:响应结果为: <Response [200]>,耗时: 0.082331
2020-06-23 00:48:29,450 - [http_handler.py--line:21 - INFO]:正在使用post请求,访问 http://api.lemonban.com/futureloan/member/invest
2020-06-23 00:48:29,540 - [http_handler.py--line:30 - INFO]:响应结果为: <Response [200]>,耗时: 0.084355
2020-06-23 00:48:29,662 - [http_handler.py--line:21 - INFO]:正在使用post请求,访问 http://api.lemonban.com/futureloan/member/login
2020-06-23 00:48:29,802 - [http_handler.py--line:30 - INFO]:响应结果为: <Response [200]>,耗时: 0.133493
2020-06-23 00:48:29,860 - [http_handler.py--line:21 - INFO]:正在使用post请求,访问 http://api.lemonban.com/futureloan/member/login
2020-06-23 00:48:29,946 - [http_handler.py--line:30 - INFO]:响应结果为: <Response [200]>,耗时: 0.079891
2020-06-23 00:48:29,948 - [http_handler.py--line:21 - INFO]:正在使用post请求,访问 http://api.lemonban.com/futureloan/member/login
2020-06-23 00:48:30,069 - [http_handler.py--line:30 - INFO]:响应结果为: <Response [200]>,耗时: 0.116736
2020-06-23 00:48:30,071 - [http_handler.py--line:21 - INFO]:正在使用post请求,访问 http://api.lemonban.com/futureloan/member/invest
2020-06-23 00:48:30,173 - [http_handler.py--line:30 - INFO]:响应结果为: <Response [200]>,耗时: 0.097226
2020-06-23 00:48:30,293 - [http_handler.py--line:21 - INFO]:正在使用post请求,访问 http://api.lemonban.com/futureloan/member/login
2020-06-23 00:48:30,374 - [http_handler.py--line:30 - INFO]:响应结果为: <Response [200]>,耗时: 0.07513
2020-06-23 00:48:30,431 - [http_handler.py--line:21 - INFO]:正在使用post请求,访问 http://api.lemonban.com/futureloan/member/login
2020-06-23 00:48:30,534 - [http_handler.py--line:30 - INFO]:响应结果为: <Response [200]>,耗时: 0.096721
2020-06-23 00:48:30,536 - [http_handler.py--line:21 - INFO]:正在使用post请求,访问 http://api.lemonban.com/futureloan/member/login
2020-06-23 00:48:30,614 - [http_handler.py--line:30 - INFO]:响应结果为: <Response [200]>,耗时: 0.074023
2020-06-23 00:48:30,616 - [http_handler.py--line:21 - INFO]:正在使用post请求,访问 http://api.lemonban.com/futureloan/loan/add
2020-06-23 00:48:30,704 - [http_handler.py--line:30 - INFO]:响应结果为: <Response [200]>,耗时: 0.083577
2020-06-23 00:48:30,705 - [http_handler.py--line:21 - INFO]:正在使用post请求,访问 http://api.lemonban.com/futureloan/member/login
2020-06-23 00:48:30,859 - [http_handler.py--line:30 - INFO]:响应结果为: <Response [200]>,耗时: 0.149788
2020-06-23 00:48:30,861 - [http_handler.py--line:21 - INFO]:正在使用patch请求,访问 http://api.lemonban.com/futureloan/loan/audit
2020-06-23 00:48:30,984 - [http_handler.py--line:30 - INFO]:响应结果为: <Response [200]>,耗时: 0.118666
2020-06-23 00:48:30,985 - [http_handler.py--line:21 - INFO]:正在使用post请求,访问 http://api.lemonban.com/futureloan/member/login
2020-06-23 00:48:31,076 - [http_handler.py--line:30 - INFO]:响应结果为: <Response [200]>,耗时: 0.085894
2020-06-23 00:48:31,078 - [http_handler.py--line:21 - INFO]:正在使用post请求,访问 http://api.lemonban.com/futureloan/member/invest
2020-06-23 00:48:31,188 - [http_handler.py--line:30 - INFO]:响应结果为: <Response [200]>,耗时: 0.105561
2020-06-23 00:48:31,312 - [http_handler.py--line:21 - INFO]:正在使用post请求,访问 http://api.lemonban.com/futureloan/member/login
2020-06-23 00:48:31,429 - [http_handler.py--line:30 - INFO]:响应结果为: <Response [200]>,耗时: 0.110999
2020-06-23 00:48:31,486 - [http_handler.py--line:21 - INFO]:正在使用post请求,访问 http://api.lemonban.com/futureloan/member/login
2020-06-23 00:48:31,561 - [http_handler.py--line:30 - INFO]:响应结果为: <Response [200]>,耗时: 0.069448
2020-06-23 00:48:31,562 - [http_handler.py--line:21 - INFO]:正在使用post请求,访问 http://api.lemonban.com/futureloan/member/login
2020-06-23 00:48:31,659 - [http_handler.py--line:30 - INFO]:响应结果为: <Response [200]>,耗时: 0.092029
2020-06-23 00:48:31,661 - [http_handler.py--line:21 - INFO]:正在使用post请求,访问 http://api.lemonban.com/futureloan/member/login
2020-06-23 00:48:31,747 - [http_handler.py--line:30 - INFO]:响应结果为: <Response [200]>,耗时: 0.080945
2020-06-23 00:48:31,749 - [http_handler.py--line:21 - INFO]:正在使用post请求,访问 http://api.lemonban.com/futureloan/loan/add
2020-06-23 00:48:31,842 - [http_handler.py--line:30 - INFO]:响应结果为: <Response [200]>,耗时: 0.08808
2020-06-23 00:48:31,843 - [http_handler.py--line:21 - INFO]:正在使用post请求,访问 http://api.lemonban.com/futureloan/member/login
2020-06-23 00:48:31,937 - [http_handler.py--line:30 - INFO]:响应结果为: <Response [200]>,耗时: 0.089744
2020-06-23 00:48:31,939 - [http_handler.py--line:21 - INFO]:正在使用post请求,访问 http://api.lemonban.com/futureloan/member/invest
2020-06-23 00:48:32,078 - [http_handler.py--line:30 - INFO]:响应结果为: <Response [200]>,耗时: 0.13351
2020-06-23 00:48:32,198 - [http_handler.py--line:21 - INFO]:正在使用post请求,访问 http://api.lemonban.com/futureloan/member/login
2020-06-23 00:48:32,288 - [http_handler.py--line:30 - INFO]:响应结果为: <Response [200]>,耗时: 0.083696
2020-06-23 00:48:32,376 - [http_handler.py--line:21 - INFO]:正在使用post请求,访问 http://api.lemonban.com/futureloan/member/login
2020-06-23 00:48:32,507 - [http_handler.py--line:30 - INFO]:响应结果为: <Response [200]>,耗时: 0.125166
2020-06-23 00:48:32,508 - [http_handler.py--line:21 - INFO]:正在使用post请求,访问 http://api.lemonban.com/futureloan/member/login
2020-06-23 00:48:32,632 - [http_handler.py--line:30 - INFO]:响应结果为: <Response [200]>,耗时: 0.118344
2020-06-23 00:48:32,633 - [http_handler.py--line:21 - INFO]:正在使用post请求,访问 http://api.lemonban.com/futureloan/member/login
2020-06-23 00:48:32,723 - [http_handler.py--line:30 - INFO]:响应结果为: <Response [200]>,耗时: 0.085342
2020-06-23 00:48:32,724 - [http_handler.py--line:21 - INFO]:正在使用post请求,访问 http://api.lemonban.com/futureloan/loan/add
2020-06-23 00:48:32,817 - [http_handler.py--line:30 - INFO]:响应结果为: <Response [200]>,耗时: 0.088636
2020-06-23 00:48:32,818 - [http_handler.py--line:21 - INFO]:正在使用post请求,访问 http://api.lemonban.com/futureloan/member/login
2020-06-23 00:48:32,893 - [http_handler.py--line:30 - INFO]:响应结果为: <Response [200]>,耗时: 0.069615
2020-06-23 00:48:32,895 - [http_handler.py--line:21 - INFO]:正在使用post请求,访问 http://api.lemonban.com/futureloan/member/invest
2020-06-23 00:48:33,009 - [http_handler.py--line:30 - INFO]:响应结果为: <Response [200]>,耗时: 0.10932
2020-06-23 00:48:33,133 - [http_handler.py--line:21 - INFO]:正在使用post请求,访问 http://api.lemonban.com/futureloan/member/login
2020-06-23 00:48:33,231 - [http_handler.py--line:30 - INFO]:响应结果为: <Response [200]>,耗时: 0.091965
2020-06-23 00:48:33,295 - [http_handler.py--line:21 - INFO]:正在使用post请求,访问 http://api.lemonban.com/futureloan/member/login
2020-06-23 00:48:33,369 - [http_handler.py--line:30 - INFO]:响应结果为: <Response [200]>,耗时: 0.067914
2020-06-23 00:48:33,371 - [http_handler.py--line:21 - INFO]:正在使用post请求,访问 http://api.lemonban.com/futureloan/member/login
2020-06-23 00:48:33,463 - [http_handler.py--line:30 - INFO]:响应结果为: <Response [200]>,耗时: 0.087926
2020-06-23 00:48:33,464 - [http_handler.py--line:21 - INFO]:正在使用post请求,访问 http://api.lemonban.com/futureloan/member/login
2020-06-23 00:48:33,585 - [http_handler.py--line:30 - INFO]:响应结果为: <Response [200]>,耗时: 0.115191
2020-06-23 00:48:33,586 - [http_handler.py--line:21 - INFO]:正在使用post请求,访问 http://api.lemonban.com/futureloan/loan/add
2020-06-23 00:48:33,709 - [http_handler.py--line:30 - INFO]:响应结果为: <Response [200]>,耗时: 0.117499
2020-06-23 00:48:33,710 - [http_handler.py--line:21 - INFO]:正在使用post请求,访问 http://api.lemonban.com/futureloan/member/login
2020-06-23 00:48:33,793 - [http_handler.py--line:30 - INFO]:响应结果为: <Response [200]>,耗时: 0.079073
2020-06-23 00:48:33,794 - [http_handler.py--line:21 - INFO]:正在使用post请求,访问 http://api.lemonban.com/futureloan/member/invest
2020-06-23 00:48:33,880 - [http_handler.py--line:30 - INFO]:响应结果为: <Response [200]>,耗时: 0.081948
