2020-06-23 00:12:57,601 - [http_handler.py--line:21 - INFO]:正在使用post请求,访问 http://api.lemonban.com/futureloan/member/login
2020-06-23 00:12:58,766 - [http_handler.py--line:30 - INFO]:响应结果为: <Response [200]>,耗时: 0.114013
2020-06-23 00:12:58,842 - [test_07_invest.py--line:33 - INFO]:账户余额不足20W,调用充值接口进行充值
2020-06-23 00:12:58,843 - [http_handler.py--line:21 - INFO]:正在使用post请求,访问 http://api.lemonban.com/futureloan/member/login
2020-06-23 00:12:58,940 - [http_handler.py--line:30 - INFO]:响应结果为: <Response [200]>,耗时: 0.092461
2020-06-23 00:12:58,942 - [http_handler.py--line:21 - INFO]:正在使用post请求,访问 http://api.lemonban.com/futureloan/member/login
2020-06-23 00:12:59,033 - [http_handler.py--line:30 - INFO]:响应结果为: <Response [200]>,耗时: 0.086759
2020-06-23 00:12:59,034 - [http_handler.py--line:21 - INFO]:正在使用post请求,访问 http://api.lemonban.com/futureloan/member/recharge
2020-06-23 00:12:59,135 - [http_handler.py--line:30 - INFO]:响应结果为: <Response [200]>,耗时: 0.096757
2020-06-23 00:12:59,137 - [http_handler.py--line:21 - INFO]:正在使用post请求,访问 http://api.lemonban.com/futureloan/member/login
2020-06-23 00:12:59,260 - [http_handler.py--line:30 - INFO]:响应结果为: <Response [200]>,耗时: 0.116237
2020-06-23 00:12:59,262 - [http_handler.py--line:21 - INFO]:正在使用post请求,访问 http://api.lemonban.com/futureloan/member/login
2020-06-23 00:12:59,348 - [http_handler.py--line:30 - INFO]:响应结果为: <Response [200]>,耗时: 0.081408
2020-06-23 00:12:59,350 - [http_handler.py--line:21 - INFO]:正在使用post请求,访问 http://api.lemonban.com/futureloan/member/login
2020-06-23 00:12:59,443 - [http_handler.py--line:30 - INFO]:响应结果为: <Response [200]>,耗时: 0.087081
2020-06-23 00:12:59,444 - [http_handler.py--line:21 - INFO]:正在使用post请求,访问 http://api.lemonban.com/futureloan/loan/add
2020-06-23 00:12:59,541 - [http_handler.py--line:30 - INFO]:响应结果为: <Response [200]>,耗时: 0.091676
2020-06-23 00:12:59,542 - [http_handler.py--line:21 - INFO]:正在使用post请求,访问 http://api.lemonban.com/futureloan/member/login
2020-06-23 00:12:59,765 - [http_handler.py--line:30 - INFO]:响应结果为: <Response [200]>,耗时: 0.217139
2020-06-23 00:12:59,767 - [http_handler.py--line:21 - INFO]:正在使用patch请求,访问 http://api.lemonban.com/futureloan/loan/audit
2020-06-23 00:12:59,881 - [http_handler.py--line:30 - INFO]:响应结果为: <Response [200]>,耗时: 0.108518
2020-06-23 00:12:59,882 - [http_handler.py--line:21 - INFO]:正在使用post请求,访问 http://api.lemonban.com/futureloan/member/login
2020-06-23 00:12:59,973 - [http_handler.py--line:30 - INFO]:响应结果为: <Response [200]>,耗时: 0.085897
2020-06-23 00:12:59,975 - [http_handler.py--line:21 - INFO]:正在使用post请求,访问 http://api.lemonban.com/futureloan/member/invest
2020-06-23 00:13:00,073 - [http_handler.py--line:30 - INFO]:响应结果为: <Response [200]>,耗时: 0.093533
2020-06-23 00:13:00,289 - [http_handler.py--line:21 - INFO]:正在使用post请求,访问 http://api.lemonban.com/futureloan/member/login
2020-06-23 00:13:00,407 - [http_handler.py--line:30 - INFO]:响应结果为: <Response [200]>,耗时: 0.112544
2020-06-23 00:13:00,447 - [test_07_invest.py--line:33 - INFO]:账户余额不足20W,调用充值接口进行充值
2020-06-23 00:13:00,447 - [http_handler.py--line:21 - INFO]:正在使用post请求,访问 http://api.lemonban.com/futureloan/member/login
2020-06-23 00:13:00,541 - [http_handler.py--line:30 - INFO]:响应结果为: <Response [200]>,耗时: 0.087803
2020-06-23 00:13:00,542 - [http_handler.py--line:21 - INFO]:正在使用post请求,访问 http://api.lemonban.com/futureloan/member/login
2020-06-23 00:13:00,741 - [http_handler.py--line:30 - INFO]:响应结果为: <Response [200]>,耗时: 0.192781
2020-06-23 00:13:00,742 - [http_handler.py--line:21 - INFO]:正在使用post请求,访问 http://api.lemonban.com/futureloan/member/recharge
2020-06-23 00:13:00,887 - [http_handler.py--line:30 - INFO]:响应结果为: <Response [200]>,耗时: 0.140038
2020-06-23 00:13:00,887 - [http_handler.py--line:21 - INFO]:正在使用post请求,访问 http://api.lemonban.com/futureloan/member/login
2020-06-23 00:13:01,018 - [http_handler.py--line:30 - INFO]:响应结果为: <Response [200]>,耗时: 0.126009
2020-06-23 00:13:01,020 - [http_handler.py--line:21 - INFO]:正在使用post请求,访问 http://api.lemonban.com/futureloan/member/login
2020-06-23 00:13:01,113 - [http_handler.py--line:30 - INFO]:响应结果为: <Response [200]>,耗时: 0.088432
2020-06-23 00:13:01,115 - [http_handler.py--line:21 - INFO]:正在使用post请求,访问 http://api.lemonban.com/futureloan/member/login
2020-06-23 00:13:01,232 - [http_handler.py--line:30 - INFO]:响应结果为: <Response [200]>,耗时: 0.112241
2020-06-23 00:13:01,233 - [http_handler.py--line:21 - INFO]:正在使用post请求,访问 http://api.lemonban.com/futureloan/loan/add
2020-06-23 00:13:01,410 - [http_handler.py--line:30 - INFO]:响应结果为: <Response [200]>,耗时: 0.17211
2020-06-23 00:13:01,411 - [http_handler.py--line:21 - INFO]:正在使用post请求,访问 http://api.lemonban.com/futureloan/member/login
2020-06-23 00:13:01,552 - [http_handler.py--line:30 - INFO]:响应结果为: <Response [200]>,耗时: 0.134753
2020-06-23 00:13:01,553 - [http_handler.py--line:21 - INFO]:正在使用patch请求,访问 http://api.lemonban.com/futureloan/loan/audit
2020-06-23 00:13:01,652 - [http_handler.py--line:30 - INFO]:响应结果为: <Response [200]>,耗时: 0.093946
2020-06-23 00:13:01,652 - [http_handler.py--line:21 - INFO]:正在使用post请求,访问 http://api.lemonban.com/futureloan/member/login
2020-06-23 00:13:01,740 - [http_handler.py--line:30 - INFO]:响应结果为: <Response [200]>,耗时: 0.080739
2020-06-23 00:13:01,741 - [http_handler.py--line:21 - INFO]:正在使用post请求,访问 http://api.lemonban.com/futureloan/member/invest
2020-06-23 00:13:01,841 - [http_handler.py--line:30 - INFO]:响应结果为: <Response [200]>,耗时: 0.095389
2020-06-23 00:13:01,999 - [http_handler.py--line:21 - INFO]:正在使用post请求,访问 http://api.lemonban.com/futureloan/member/login
2020-06-23 00:13:02,136 - [http_handler.py--line:30 - INFO]:响应结果为: <Response [200]>,耗时: 0.129406
2020-06-23 00:13:02,190 - [test_07_invest.py--line:33 - INFO]:账户余额不足20W,调用充值接口进行充值
2020-06-23 00:13:02,191 - [http_handler.py--line:21 - INFO]:正在使用post请求,访问 http://api.lemonban.com/futureloan/member/login
2020-06-23 00:13:02,283 - [http_handler.py--line:30 - INFO]:响应结果为: <Response [200]>,耗时: 0.088109
2020-06-23 00:13:02,284 - [http_handler.py--line:21 - INFO]:正在使用post请求,访问 http://api.lemonban.com/futureloan/member/login
2020-06-23 00:13:02,375 - [http_handler.py--line:30 - INFO]:响应结果为: <Response [200]>,耗时: 0.085737
2020-06-23 00:13:02,376 - [http_handler.py--line:21 - INFO]:正在使用post请求,访问 http://api.lemonban.com/futureloan/member/recharge
2020-06-23 00:13:02,477 - [http_handler.py--line:30 - INFO]:响应结果为: <Response [200]>,耗时: 0.096317
2020-06-23 00:13:02,478 - [http_handler.py--line:21 - INFO]:正在使用post请求,访问 http://api.lemonban.com/futureloan/member/login
2020-06-23 00:13:02,613 - [http_handler.py--line:30 - INFO]:响应结果为: <Response [200]>,耗时: 0.132009
2020-06-23 00:13:02,615 - [http_handler.py--line:21 - INFO]:正在使用post请求,访问 http://api.lemonban.com/futureloan/member/login
2020-06-23 00:13:02,719 - [http_handler.py--line:30 - INFO]:响应结果为: <Response [200]>,耗时: 0.098997
2020-06-23 00:13:02,721 - [http_handler.py--line:21 - INFO]:正在使用post请求,访问 http://api.lemonban.com/futureloan/member/login
2020-06-23 00:13:02,807 - [http_handler.py--line:30 - INFO]:响应结果为: <Response [200]>,耗时: 0.081653
2020-06-23 00:13:02,808 - [http_handler.py--line:21 - INFO]:正在使用post请求,访问 http://api.lemonban.com/futureloan/loan/add
2020-06-23 00:13:02,907 - [http_handler.py--line:30 - INFO]:响应结果为: <Response [200]>,耗时: 0.094237
2020-06-23 00:13:02,908 - [http_handler.py--line:21 - INFO]:正在使用post请求,访问 http://api.lemonban.com/futureloan/member/login
2020-06-23 00:13:03,022 - [http_handler.py--line:30 - INFO]:响应结果为: <Response [200]>,耗时: 0.108905
2020-06-23 00:13:03,023 - [http_handler.py--line:21 - INFO]:正在使用patch请求,访问 http://api.lemonban.com/futureloan/loan/audit
2020-06-23 00:13:03,127 - [http_handler.py--line:30 - INFO]:响应结果为: <Response [200]>,耗时: 0.099364
2020-06-23 00:13:03,128 - [http_handler.py--line:21 - INFO]:正在使用post请求,访问 http://api.lemonban.com/futureloan/member/login
2020-06-23 00:13:03,213 - [http_handler.py--line:30 - INFO]:响应结果为: <Response [200]>,耗时: 0.080504
2020-06-23 00:13:03,214 - [http_handler.py--line:21 - INFO]:正在使用post请求,访问 http://api.lemonban.com/futureloan/member/invest
2020-06-23 00:13:03,307 - [http_handler.py--line:30 - INFO]:响应结果为: <Response [200]>,耗时: 0.088136
2020-06-23 00:13:03,388 - [http_handler.py--line:21 - INFO]:正在使用post请求,访问 http://api.lemonban.com/futureloan/member/login
2020-06-23 00:13:03,468 - [http_handler.py--line:30 - INFO]:响应结果为: <Response [200]>,耗时: 0.075419
2020-06-23 00:13:03,504 - [test_07_invest.py--line:33 - INFO]:账户余额不足20W,调用充值接口进行充值
2020-06-23 00:13:03,505 - [http_handler.py--line:21 - INFO]:正在使用post请求,访问 http://api.lemonban.com/futureloan/member/login
2020-06-23 00:13:03,598 - [http_handler.py--line:30 - INFO]:响应结果为: <Response [200]>,耗时: 0.087656
2020-06-23 00:13:03,600 - [http_handler.py--line:21 - INFO]:正在使用post请求,访问 http://api.lemonban.com/futureloan/member/login
2020-06-23 00:13:03,684 - [http_handler.py--line:30 - INFO]:响应结果为: <Response [200]>,耗时: 0.080197
2020-06-23 00:13:03,685 - [http_handler.py--line:21 - INFO]:正在使用post请求,访问 http://api.lemonban.com/futureloan/member/recharge
2020-06-23 00:13:03,785 - [http_handler.py--line:30 - INFO]:响应结果为: <Response [200]>,耗时: 0.095355
2020-06-23 00:13:03,786 - [http_handler.py--line:21 - INFO]:正在使用post请求,访问 http://api.lemonban.com/futureloan/member/login
2020-06-23 00:13:03,941 - [http_handler.py--line:30 - INFO]:响应结果为: <Response [200]>,耗时: 0.150431
2020-06-23 00:13:03,943 - [http_handler.py--line:21 - INFO]:正在使用post请求,访问 http://api.lemonban.com/futureloan/member/login
2020-06-23 00:13:04,074 - [http_handler.py--line:30 - INFO]:响应结果为: <Response [200]>,耗时: 0.126645
2020-06-23 00:13:04,077 - [http_handler.py--line:21 - INFO]:正在使用post请求,访问 http://api.lemonban.com/futureloan/member/invest
2020-06-23 00:13:04,171 - [http_handler.py--line:30 - INFO]:响应结果为: <Response [200]>,耗时: 0.089304
2020-06-23 00:13:04,275 - [http_handler.py--line:21 - INFO]:正在使用post请求,访问 http://api.lemonban.com/futureloan/member/login
2020-06-23 00:13:04,367 - [http_handler.py--line:30 - INFO]:响应结果为: <Response [200]>,耗时: 0.086702
2020-06-23 00:13:04,413 - [test_07_invest.py--line:33 - INFO]:账户余额不足20W,调用充值接口进行充值
2020-06-23 00:13:04,413 - [http_handler.py--line:21 - INFO]:正在使用post请求,访问 http://api.lemonban.com/futureloan/member/login
2020-06-23 00:13:04,487 - [http_handler.py--line:30 - INFO]:响应结果为: <Response [200]>,耗时: 0.068448
2020-06-23 00:13:04,488 - [http_handler.py--line:21 - INFO]:正在使用post请求,访问 http://api.lemonban.com/futureloan/member/login
2020-06-23 00:13:04,573 - [http_handler.py--line:30 - INFO]:响应结果为: <Response [200]>,耗时: 0.079723
2020-06-23 00:13:04,575 - [http_handler.py--line:21 - INFO]:正在使用post请求,访问 http://api.lemonban.com/futureloan/member/recharge
2020-06-23 00:13:04,678 - [http_handler.py--line:30 - INFO]:响应结果为: <Response [200]>,耗时: 0.098117
2020-06-23 00:13:04,678 - [http_handler.py--line:21 - INFO]:正在使用post请求,访问 http://api.lemonban.com/futureloan/member/login
2020-06-23 00:13:04,898 - [http_handler.py--line:30 - INFO]:响应结果为: <Response [200]>,耗时: 0.214413
2020-06-23 00:13:04,899 - [http_handler.py--line:21 - INFO]:正在使用post请求,访问 http://api.lemonban.com/futureloan/member/login
2020-06-23 00:13:04,986 - [http_handler.py--line:30 - INFO]:响应结果为: <Response [200]>,耗时: 0.081121
2020-06-23 00:13:04,987 - [http_handler.py--line:21 - INFO]:正在使用post请求,访问 http://api.lemonban.com/futureloan/loan/add
2020-06-23 00:13:05,088 - [http_handler.py--line:30 - INFO]:响应结果为: <Response [200]>,耗时: 0.095792
2020-06-23 00:13:05,089 - [http_handler.py--line:21 - INFO]:正在使用post请求,访问 http://api.lemonban.com/futureloan/member/login
2020-06-23 00:13:05,209 - [http_handler.py--line:30 - INFO]:响应结果为: <Response [200]>,耗时: 0.113975
2020-06-23 00:13:05,211 - [http_handler.py--line:21 - INFO]:正在使用patch请求,访问 http://api.lemonban.com/futureloan/loan/audit
2020-06-23 00:13:05,313 - [http_handler.py--line:30 - INFO]:响应结果为: <Response [200]>,耗时: 0.096597
2020-06-23 00:13:05,314 - [http_handler.py--line:21 - INFO]:正在使用post请求,访问 http://api.lemonban.com/futureloan/member/login
2020-06-23 00:13:05,413 - [http_handler.py--line:30 - INFO]:响应结果为: <Response [200]>,耗时: 0.094231
2020-06-23 00:13:05,415 - [http_handler.py--line:21 - INFO]:正在使用post请求,访问 http://api.lemonban.com/futureloan/member/invest
2020-06-23 00:13:05,493 - [http_handler.py--line:30 - INFO]:响应结果为: <Response [200]>,耗时: 0.071639
2020-06-23 00:13:05,609 - [http_handler.py--line:21 - INFO]:正在使用post请求,访问 http://api.lemonban.com/futureloan/member/login
2020-06-23 00:13:05,700 - [http_handler.py--line:30 - INFO]:响应结果为: <Response [200]>,耗时: 0.084711
2020-06-23 00:13:05,746 - [test_07_invest.py--line:33 - INFO]:账户余额不足20W,调用充值接口进行充值
2020-06-23 00:13:05,747 - [http_handler.py--line:21 - INFO]:正在使用post请求,访问 http://api.lemonban.com/futureloan/member/login
2020-06-23 00:13:05,832 - [http_handler.py--line:30 - INFO]:响应结果为: <Response [200]>,耗时: 0.080915
2020-06-23 00:13:05,833 - [http_handler.py--line:21 - INFO]:正在使用post请求,访问 http://api.lemonban.com/futureloan/member/login
2020-06-23 00:13:05,920 - [http_handler.py--line:30 - INFO]:响应结果为: <Response [200]>,耗时: 0.082643
2020-06-23 00:13:05,922 - [http_handler.py--line:21 - INFO]:正在使用post请求,访问 http://api.lemonban.com/futureloan/member/recharge
2020-06-23 00:13:06,035 - [http_handler.py--line:30 - INFO]:响应结果为: <Response [200]>,耗时: 0.107817
2020-06-23 00:13:06,035 - [http_handler.py--line:21 - INFO]:正在使用post请求,访问 http://api.lemonban.com/futureloan/member/login
2020-06-23 00:13:06,159 - [http_handler.py--line:30 - INFO]:响应结果为: <Response [200]>,耗时: 0.116712
2020-06-23 00:13:06,160 - [http_handler.py--line:21 - INFO]:正在使用post请求,访问 http://api.lemonban.com/futureloan/member/login
2020-06-23 00:13:06,287 - [http_handler.py--line:30 - INFO]:响应结果为: <Response [200]>,耗时: 0.122454
2020-06-23 00:13:06,289 - [http_handler.py--line:21 - INFO]:正在使用post请求,访问 http://api.lemonban.com/futureloan/member/login
2020-06-23 00:13:06,381 - [http_handler.py--line:30 - INFO]:响应结果为: <Response [200]>,耗时: 0.08682
2020-06-23 00:13:06,383 - [http_handler.py--line:21 - INFO]:正在使用post请求,访问 http://api.lemonban.com/futureloan/loan/add
2020-06-23 00:13:06,497 - [http_handler.py--line:30 - INFO]:响应结果为: <Response [200]>,耗时: 0.108583
2020-06-23 00:13:06,498 - [http_handler.py--line:21 - INFO]:正在使用post请求,访问 http://api.lemonban.com/futureloan/member/login
2020-06-23 00:13:06,596 - [http_handler.py--line:30 - INFO]:响应结果为: <Response [200]>,耗时: 0.091671
2020-06-23 00:13:06,598 - [http_handler.py--line:21 - INFO]:正在使用post请求,访问 http://api.lemonban.com/futureloan/member/invest
2020-06-23 00:13:06,679 - [http_handler.py--line:30 - INFO]:响应结果为: <Response [200]>,耗时: 0.076271
