2020-06-23 00:41:05,966 - [test_04_withdraw.py--line:30 - INFO]:**********TestWithdrawBegin**********
2020-06-23 00:41:06,101 - [test_04_withdraw.py--line:32 - INFO]:SQL connect
2020-06-23 00:41:06,155 - [http_handler.py--line:21 - INFO]:正在使用post请求,访问 http://api.lemonban.com/futureloan/member/login
2020-06-23 00:41:06,307 - [http_handler.py--line:30 - INFO]:响应结果为: <Response [200]>,耗时: 0.144221
2020-06-23 00:41:06,308 - [http_handler.py--line:21 - INFO]:正在使用post请求,访问 http://api.lemonban.com/futureloan/member/login
2020-06-23 00:41:06,382 - [http_handler.py--line:30 - INFO]:响应结果为: <Response [200]>,耗时: 0.071875
2020-06-23 00:41:06,464 - [test_04_withdraw.py--line:45 - INFO]:**********正在获取第1条<success-5000>用例**********
2020-06-23 00:41:06,464 - [http_handler.py--line:21 - INFO]:正在使用post请求,访问 http://api.lemonban.com/futureloan/member/withdraw
2020-06-23 00:41:06,569 - [http_handler.py--line:30 - INFO]:响应结果为: <Response [200]>,耗时: 0.101966
2020-06-23 00:41:06,691 - [test_04_withdraw.py--line:87 - INFO]:**********第1条<success-5000>用例测试结束**********
2020-06-23 00:41:06,775 - [test_04_withdraw.py--line:99 - INFO]:Write the response and result: pass 
2020-06-23 00:41:06,843 - [test_04_withdraw.py--line:45 - INFO]:**********正在获取第2条<success-金额为中间值25W>用例**********
2020-06-23 00:41:06,843 - [http_handler.py--line:21 - INFO]:正在使用post请求,访问 http://api.lemonban.com/futureloan/member/withdraw
2020-06-23 00:41:06,951 - [http_handler.py--line:30 - INFO]:响应结果为: <Response [200]>,耗时: 0.105473
2020-06-23 00:41:07,083 - [test_04_withdraw.py--line:87 - INFO]:**********第2条<success-金额为中间值25W>用例测试结束**********
2020-06-23 00:41:07,171 - [test_04_withdraw.py--line:99 - INFO]:Write the response and result: pass 
2020-06-23 00:41:07,238 - [test_04_withdraw.py--line:45 - INFO]:**********正在获取第3条<success-金额带小数1234.23>用例**********
2020-06-23 00:41:07,239 - [http_handler.py--line:21 - INFO]:正在使用post请求,访问 http://api.lemonban.com/futureloan/member/withdraw
2020-06-23 00:41:07,353 - [http_handler.py--line:30 - INFO]:响应结果为: <Response [200]>,耗时: 0.109862
2020-06-23 00:41:07,499 - [test_04_withdraw.py--line:87 - INFO]:**********第3条<success-金额带小数1234.23>用例测试结束**********
2020-06-23 00:41:07,581 - [test_04_withdraw.py--line:99 - INFO]:Write the response and result: pass 
2020-06-23 00:41:07,638 - [test_04_withdraw.py--line:45 - INFO]:**********正在获取第4条<success-金额小于1元>用例**********
2020-06-23 00:41:07,638 - [http_handler.py--line:21 - INFO]:正在使用post请求,访问 http://api.lemonban.com/futureloan/member/withdraw
2020-06-23 00:41:07,733 - [http_handler.py--line:30 - INFO]:响应结果为: <Response [200]>,耗时: 0.092215
2020-06-23 00:41:07,854 - [test_04_withdraw.py--line:87 - INFO]:**********第4条<success-金额小于1元>用例测试结束**********
2020-06-23 00:41:07,961 - [test_04_withdraw.py--line:99 - INFO]:Write the response and result: pass 
2020-06-23 00:41:08,016 - [test_04_withdraw.py--line:45 - INFO]:**********正在获取第5条<success-极限金额50W>用例**********
2020-06-23 00:41:08,016 - [http_handler.py--line:21 - INFO]:正在使用post请求,访问 http://api.lemonban.com/futureloan/member/withdraw
2020-06-23 00:41:08,099 - [http_handler.py--line:30 - INFO]:响应结果为: <Response [200]>,耗时: 0.08021
2020-06-23 00:41:08,210 - [test_04_withdraw.py--line:87 - INFO]:**********第5条<success-极限金额50W>用例测试结束**********
2020-06-23 00:41:08,318 - [test_04_withdraw.py--line:99 - INFO]:Write the response and result: pass 
2020-06-23 00:41:08,382 - [test_04_withdraw.py--line:45 - INFO]:**********正在获取第6条<failed-金额大于100W>用例**********
2020-06-23 00:41:08,382 - [test_04_withdraw.py--line:65 - INFO]:账户余额大于50W,调用取现接口将金额降至50W以下
2020-06-23 00:41:08,382 - [http_handler.py--line:21 - INFO]:正在使用post请求,访问 http://api.lemonban.com/futureloan/member/login
2020-06-23 00:41:08,560 - [http_handler.py--line:30 - INFO]:响应结果为: <Response [200]>,耗时: 0.175529
2020-06-23 00:41:08,561 - [http_handler.py--line:21 - INFO]:正在使用post请求,访问 http://api.lemonban.com/futureloan/member/login
2020-06-23 00:41:08,646 - [http_handler.py--line:30 - INFO]:响应结果为: <Response [200]>,耗时: 0.082819
2020-06-23 00:41:08,647 - [http_handler.py--line:21 - INFO]:正在使用post请求,访问 http://api.lemonban.com/futureloan/member/withdraw
2020-06-23 00:41:08,731 - [http_handler.py--line:30 - INFO]:响应结果为: <Response [200]>,耗时: 0.08223
2020-06-23 00:41:08,820 - [http_handler.py--line:21 - INFO]:正在使用post请求,访问 http://api.lemonban.com/futureloan/member/login
2020-06-23 00:41:08,958 - [http_handler.py--line:30 - INFO]:响应结果为: <Response [200]>,耗时: 0.13561
2020-06-23 00:41:08,959 - [http_handler.py--line:21 - INFO]:正在使用post请求,访问 http://api.lemonban.com/futureloan/member/login
2020-06-23 00:41:09,045 - [http_handler.py--line:30 - INFO]:响应结果为: <Response [200]>,耗时: 0.08361
2020-06-23 00:41:09,046 - [http_handler.py--line:21 - INFO]:正在使用post请求,访问 http://api.lemonban.com/futureloan/member/withdraw
2020-06-23 00:41:09,138 - [http_handler.py--line:30 - INFO]:响应结果为: <Response [200]>,耗时: 0.089814
2020-06-23 00:41:09,139 - [test_04_withdraw.py--line:65 - INFO]:账户余额大于50W,调用取现接口将金额降至50W以下
2020-06-23 00:41:09,139 - [http_handler.py--line:21 - INFO]:正在使用post请求,访问 http://api.lemonban.com/futureloan/member/login
2020-06-23 00:41:09,260 - [http_handler.py--line:30 - INFO]:响应结果为: <Response [200]>,耗时: 0.118025
2020-06-23 00:41:09,260 - [http_handler.py--line:21 - INFO]:正在使用post请求,访问 http://api.lemonban.com/futureloan/member/login
2020-06-23 00:41:09,349 - [http_handler.py--line:30 - INFO]:响应结果为: <Response [200]>,耗时: 0.086023
2020-06-23 00:41:09,350 - [http_handler.py--line:21 - INFO]:正在使用post请求,访问 http://api.lemonban.com/futureloan/member/withdraw
2020-06-23 00:41:09,435 - [http_handler.py--line:30 - INFO]:响应结果为: <Response [200]>,耗时: 0.082315
2020-06-23 00:41:09,497 - [http_handler.py--line:21 - INFO]:正在使用post请求,访问 http://api.lemonban.com/futureloan/member/login
2020-06-23 00:41:09,645 - [http_handler.py--line:30 - INFO]:响应结果为: <Response [200]>,耗时: 0.145497
2020-06-23 00:41:09,646 - [http_handler.py--line:21 - INFO]:正在使用post请求,访问 http://api.lemonban.com/futureloan/member/login
2020-06-23 00:41:09,726 - [http_handler.py--line:30 - INFO]:响应结果为: <Response [200]>,耗时: 0.075871
2020-06-23 00:41:09,726 - [http_handler.py--line:21 - INFO]:正在使用post请求,访问 http://api.lemonban.com/futureloan/member/withdraw
2020-06-23 00:41:09,808 - [http_handler.py--line:30 - INFO]:响应结果为: <Response [200]>,耗时: 0.079352
2020-06-23 00:41:09,808 - [test_04_withdraw.py--line:65 - INFO]:账户余额大于50W,调用取现接口将金额降至50W以下
2020-06-23 00:41:09,808 - [http_handler.py--line:21 - INFO]:正在使用post请求,访问 http://api.lemonban.com/futureloan/member/login
2020-06-23 00:41:09,934 - [http_handler.py--line:30 - INFO]:响应结果为: <Response [200]>,耗时: 0.123248
2020-06-23 00:41:09,935 - [http_handler.py--line:21 - INFO]:正在使用post请求,访问 http://api.lemonban.com/futureloan/member/login
2020-06-23 00:41:10,020 - [http_handler.py--line:30 - INFO]:响应结果为: <Response [200]>,耗时: 0.082853
2020-06-23 00:41:10,021 - [http_handler.py--line:21 - INFO]:正在使用post请求,访问 http://api.lemonban.com/futureloan/member/withdraw
2020-06-23 00:41:10,124 - [http_handler.py--line:30 - INFO]:响应结果为: <Response [200]>,耗时: 0.100609
2020-06-23 00:41:10,194 - [http_handler.py--line:21 - INFO]:正在使用post请求,访问 http://api.lemonban.com/futureloan/member/login
2020-06-23 00:41:10,304 - [http_handler.py--line:30 - INFO]:响应结果为: <Response [200]>,耗时: 0.107579
2020-06-23 00:41:10,304 - [http_handler.py--line:21 - INFO]:正在使用post请求,访问 http://api.lemonban.com/futureloan/member/login
2020-06-23 00:41:10,381 - [http_handler.py--line:30 - INFO]:响应结果为: <Response [200]>,耗时: 0.074321
2020-06-23 00:41:10,381 - [http_handler.py--line:21 - INFO]:正在使用post请求,访问 http://api.lemonban.com/futureloan/member/withdraw
2020-06-23 00:41:10,484 - [http_handler.py--line:30 - INFO]:响应结果为: <Response [200]>,耗时: 0.100265
2020-06-23 00:41:10,484 - [test_04_withdraw.py--line:65 - INFO]:账户余额大于50W,调用取现接口将金额降至50W以下
2020-06-23 00:41:10,484 - [http_handler.py--line:21 - INFO]:正在使用post请求,访问 http://api.lemonban.com/futureloan/member/login
2020-06-23 00:41:10,607 - [http_handler.py--line:30 - INFO]:响应结果为: <Response [200]>,耗时: 0.120532
2020-06-23 00:41:10,607 - [http_handler.py--line:21 - INFO]:正在使用post请求,访问 http://api.lemonban.com/futureloan/member/login
2020-06-23 00:41:10,679 - [http_handler.py--line:30 - INFO]:响应结果为: <Response [200]>,耗时: 0.068829
2020-06-23 00:41:10,679 - [http_handler.py--line:21 - INFO]:正在使用post请求,访问 http://api.lemonban.com/futureloan/member/withdraw
2020-06-23 00:41:10,771 - [http_handler.py--line:30 - INFO]:响应结果为: <Response [200]>,耗时: 0.089628
2020-06-23 00:41:10,847 - [http_handler.py--line:21 - INFO]:正在使用post请求,访问 http://api.lemonban.com/futureloan/member/login
2020-06-23 00:41:10,955 - [http_handler.py--line:30 - INFO]:响应结果为: <Response [200]>,耗时: 0.104679
2020-06-23 00:41:10,955 - [http_handler.py--line:21 - INFO]:正在使用post请求,访问 http://api.lemonban.com/futureloan/member/login
2020-06-23 00:41:11,030 - [http_handler.py--line:30 - INFO]:响应结果为: <Response [200]>,耗时: 0.072315
2020-06-23 00:41:11,030 - [http_handler.py--line:21 - INFO]:正在使用post请求,访问 http://api.lemonban.com/futureloan/member/withdraw
2020-06-23 00:41:11,127 - [http_handler.py--line:30 - INFO]:响应结果为: <Response [200]>,耗时: 0.093498
2020-06-23 00:41:11,127 - [test_04_withdraw.py--line:65 - INFO]:账户余额大于50W,调用取现接口将金额降至50W以下
2020-06-23 00:41:11,127 - [http_handler.py--line:21 - INFO]:正在使用post请求,访问 http://api.lemonban.com/futureloan/member/login
2020-06-23 00:41:11,273 - [http_handler.py--line:30 - INFO]:响应结果为: <Response [200]>,耗时: 0.142806
2020-06-23 00:41:11,274 - [http_handler.py--line:21 - INFO]:正在使用post请求,访问 http://api.lemonban.com/futureloan/member/login
2020-06-23 00:41:11,341 - [http_handler.py--line:30 - INFO]:响应结果为: <Response [200]>,耗时: 0.065151
2020-06-23 00:41:11,342 - [http_handler.py--line:21 - INFO]:正在使用post请求,访问 http://api.lemonban.com/futureloan/member/withdraw
2020-06-23 00:41:11,474 - [http_handler.py--line:30 - INFO]:响应结果为: <Response [200]>,耗时: 0.130044
2020-06-23 00:41:11,541 - [http_handler.py--line:21 - INFO]:正在使用post请求,访问 http://api.lemonban.com/futureloan/member/login
2020-06-23 00:41:11,690 - [http_handler.py--line:30 - INFO]:响应结果为: <Response [200]>,耗时: 0.143274
2020-06-23 00:41:11,692 - [http_handler.py--line:21 - INFO]:正在使用post请求,访问 http://api.lemonban.com/futureloan/member/login
2020-06-23 00:41:11,769 - [http_handler.py--line:30 - INFO]:响应结果为: <Response [200]>,耗时: 0.072726
2020-06-23 00:41:11,770 - [http_handler.py--line:21 - INFO]:正在使用post请求,访问 http://api.lemonban.com/futureloan/member/withdraw
2020-06-23 00:41:11,868 - [http_handler.py--line:30 - INFO]:响应结果为: <Response [200]>,耗时: 0.09426
2020-06-23 00:41:11,869 - [test_04_withdraw.py--line:65 - INFO]:账户余额大于50W,调用取现接口将金额降至50W以下
2020-06-23 00:41:11,869 - [http_handler.py--line:21 - INFO]:正在使用post请求,访问 http://api.lemonban.com/futureloan/member/login
2020-06-23 00:41:11,990 - [http_handler.py--line:30 - INFO]:响应结果为: <Response [200]>,耗时: 0.116251
2020-06-23 00:41:11,992 - [http_handler.py--line:21 - INFO]:正在使用post请求,访问 http://api.lemonban.com/futureloan/member/login
2020-06-23 00:41:12,077 - [http_handler.py--line:30 - INFO]:响应结果为: <Response [200]>,耗时: 0.080009
2020-06-23 00:41:12,078 - [http_handler.py--line:21 - INFO]:正在使用post请求,访问 http://api.lemonban.com/futureloan/member/withdraw
2020-06-23 00:41:12,190 - [http_handler.py--line:30 - INFO]:响应结果为: <Response [200]>,耗时: 0.106981
2020-06-23 00:41:12,257 - [http_handler.py--line:21 - INFO]:正在使用post请求,访问 http://api.lemonban.com/futureloan/member/login
2020-06-23 00:41:12,432 - [http_handler.py--line:30 - INFO]:响应结果为: <Response [200]>,耗时: 0.170544
2020-06-23 00:41:12,434 - [http_handler.py--line:21 - INFO]:正在使用post请求,访问 http://api.lemonban.com/futureloan/member/login
2020-06-23 00:41:12,583 - [http_handler.py--line:30 - INFO]:响应结果为: <Response [200]>,耗时: 0.14345
2020-06-23 00:41:12,585 - [http_handler.py--line:21 - INFO]:正在使用post请求,访问 http://api.lemonban.com/futureloan/member/withdraw
2020-06-23 00:41:12,685 - [http_handler.py--line:30 - INFO]:响应结果为: <Response [200]>,耗时: 0.095693
2020-06-23 00:41:12,686 - [test_04_withdraw.py--line:65 - INFO]:账户余额大于50W,调用取现接口将金额降至50W以下
2020-06-23 00:41:12,687 - [http_handler.py--line:21 - INFO]:正在使用post请求,访问 http://api.lemonban.com/futureloan/member/login
2020-06-23 00:41:12,817 - [http_handler.py--line:30 - INFO]:响应结果为: <Response [200]>,耗时: 0.124721
2020-06-23 00:41:12,819 - [http_handler.py--line:21 - INFO]:正在使用post请求,访问 http://api.lemonban.com/futureloan/member/login
2020-06-23 00:41:12,938 - [http_handler.py--line:30 - INFO]:响应结果为: <Response [200]>,耗时: 0.11349
2020-06-23 00:41:12,940 - [http_handler.py--line:21 - INFO]:正在使用post请求,访问 http://api.lemonban.com/futureloan/member/withdraw
2020-06-23 00:41:13,040 - [http_handler.py--line:30 - INFO]:响应结果为: <Response [200]>,耗时: 0.096573
2020-06-23 00:41:13,169 - [http_handler.py--line:21 - INFO]:正在使用post请求,访问 http://api.lemonban.com/futureloan/member/login
2020-06-23 00:41:13,299 - [http_handler.py--line:30 - INFO]:响应结果为: <Response [200]>,耗时: 0.124396
2020-06-23 00:41:13,301 - [http_handler.py--line:21 - INFO]:正在使用post请求,访问 http://api.lemonban.com/futureloan/member/login
2020-06-23 00:41:13,393 - [http_handler.py--line:30 - INFO]:响应结果为: <Response [200]>,耗时: 0.087639
2020-06-23 00:41:13,395 - [http_handler.py--line:21 - INFO]:正在使用post请求,访问 http://api.lemonban.com/futureloan/member/withdraw
2020-06-23 00:41:13,496 - [http_handler.py--line:30 - INFO]:响应结果为: <Response [200]>,耗时: 0.096258
2020-06-23 00:41:13,497 - [http_handler.py--line:21 - INFO]:正在使用post请求,访问 http://api.lemonban.com/futureloan/member/withdraw
2020-06-23 00:41:13,593 - [http_handler.py--line:30 - INFO]:响应结果为: <Response [200]>,耗时: 0.091228
2020-06-23 00:41:13,594 - [test_04_withdraw.py--line:87 - INFO]:**********第6条<failed-金额大于100W>用例测试结束**********
2020-06-23 00:41:13,697 - [test_04_withdraw.py--line:99 - INFO]:Write the response and result: pass 
2020-06-23 00:41:13,807 - [test_04_withdraw.py--line:45 - INFO]:**********正在获取第7条<failed-金额大于50W>用例**********
2020-06-23 00:41:13,807 - [http_handler.py--line:21 - INFO]:正在使用post请求,访问 http://api.lemonban.com/futureloan/member/withdraw
2020-06-23 00:41:13,896 - [http_handler.py--line:30 - INFO]:响应结果为: <Response [200]>,耗时: 0.082549
2020-06-23 00:41:13,896 - [test_04_withdraw.py--line:87 - INFO]:**********第7条<failed-金额大于50W>用例测试结束**********
2020-06-23 00:41:13,998 - [test_04_withdraw.py--line:99 - INFO]:Write the response and result: pass 
2020-06-23 00:41:14,066 - [test_04_withdraw.py--line:45 - INFO]:**********正在获取第8条<failed-ID为空>用例**********
2020-06-23 00:41:14,066 - [http_handler.py--line:21 - INFO]:正在使用post请求,访问 http://api.lemonban.com/futureloan/member/withdraw
2020-06-23 00:41:14,146 - [http_handler.py--line:30 - INFO]:响应结果为: <Response [200]>,耗时: 0.074974
2020-06-23 00:41:14,147 - [test_04_withdraw.py--line:87 - INFO]:**********第8条<failed-ID为空>用例测试结束**********
2020-06-23 00:41:14,253 - [test_04_withdraw.py--line:99 - INFO]:Write the response and result: pass 
2020-06-23 00:41:14,383 - [test_04_withdraw.py--line:45 - INFO]:**********正在获取第9条<failed-金额为空>用例**********
2020-06-23 00:41:14,384 - [http_handler.py--line:21 - INFO]:正在使用post请求,访问 http://api.lemonban.com/futureloan/member/withdraw
2020-06-23 00:41:14,557 - [http_handler.py--line:30 - INFO]:响应结果为: <Response [200]>,耗时: 0.166971
2020-06-23 00:41:14,557 - [test_04_withdraw.py--line:87 - INFO]:**********第9条<failed-金额为空>用例测试结束**********
2020-06-23 00:41:14,675 - [test_04_withdraw.py--line:99 - INFO]:Write the response and result: pass 
2020-06-23 00:41:14,732 - [test_04_withdraw.py--line:45 - INFO]:**********正在获取第10条<failed-金额不足>用例**********
2020-06-23 00:41:14,733 - [http_handler.py--line:21 - INFO]:正在使用post请求,访问 http://api.lemonban.com/futureloan/member/withdraw
2020-06-23 00:41:14,834 - [http_handler.py--line:30 - INFO]:响应结果为: <Response [200]>,耗时: 0.096024
2020-06-23 00:41:14,835 - [test_04_withdraw.py--line:87 - INFO]:**********第10条<failed-金额不足>用例测试结束**********
2020-06-23 00:41:14,945 - [test_04_withdraw.py--line:99 - INFO]:Write the response and result: pass 
2020-06-23 00:41:14,946 - [test_04_withdraw.py--line:104 - INFO]:SQL disconnect
2020-06-23 00:41:14,946 - [test_04_withdraw.py--line:105 - INFO]:**********TestWithdrawOver**********
